<?xml version="1.0" encoding="UTF-8"?>
<testng-results ignored="0" total="1" passed="1" failed="0" skipped="0">
  <reporter-output>
  </reporter-output>
  <suite started-at="2023-05-22T18:20:44 IST" name="Suite" finished-at="2023-05-22T18:20:59 IST" duration-ms="14360">
    <groups>
    </groups>
    <test started-at="2023-05-22T18:20:44 IST" name="Test" finished-at="2023-05-22T18:20:59 IST" duration-ms="14360">
      <class name="org.jenkins.PullFromGitHub">
        <test-method signature="tc01()[pri:0, instance:org.jenkins.PullFromGitHub@17f62e33]" started-at="2023-05-22T18:20:44 IST" name="tc01" finished-at="2023-05-22T18:20:59 IST" duration-ms="14308" status="PASS">
          <reporter-output>
          </reporter-output>
        </test-method> <!-- tc01 -->
      </class> <!-- org.jenkins.PullFromGitHub -->
    </test> <!-- Test -->
  </suite> <!-- Suite -->
</testng-results>
